2019-01-29 00:11:31,642 [Worker-6] INFO  c.g.t.t.d.PublishedGradleVersions - Gradle version information cache is up-to-date. Trying to read.
2019-01-29 00:11:53,142 [Worker-10] INFO  o.e.m.c.i.l.LifecycleMappingFactory - Using org.eclipse.m2e.jdt.JarLifecycleMapping lifecycle mapping for MavenProject: com.udemy:backendninja:0.0.1-SNAPSHOT @ C:\Users\oscar\Documents\rr\workspace3\pom.xml.
2019-01-29 00:11:53,873 [Worker-10] INFO  o.e.m.j.i.AbstractJavaProjectConfigurator - Adding source folder /workspace3/src/main/java
2019-01-29 00:11:53,873 [Worker-10] INFO  o.e.m.j.i.AbstractJavaProjectConfigurator - Adding source folder /workspace3/src/test/java
2019-01-29 00:11:54,550 [Worker-10] INFO  o.e.m.c.i.p.ProjectConfigurationManager - Imported and configured 1 project(s) in 2 sec
2019-01-29 00:11:55,732 [Worker-15] INFO  o.e.m.c.i.embedder.EclipseLogger - Using 'UTF-8' encoding to copy filtered resources.
2019-01-29 00:11:55,733 [Worker-15] INFO  o.e.m.c.i.embedder.EclipseLogger - skip non existing resourceDirectory C:\Users\oscar\Documents\rr\workspace3\src\main\resources
2019-01-29 00:11:55,733 [Worker-15] INFO  o.e.m.c.i.embedder.EclipseLogger - skip non existing resourceDirectory C:\Users\oscar\Documents\rr\workspace3\src\main\resources
2019-01-29 00:11:55,735 [Worker-15] INFO  o.e.m.c.i.embedder.EclipseLogger - Using 'UTF-8' encoding to copy filtered resources.
2019-01-29 00:11:55,735 [Worker-15] INFO  o.e.m.c.i.embedder.EclipseLogger - skip non existing resourceDirectory C:\Users\oscar\Documents\rr\workspace3\src\test\resources
2019-01-29 00:12:59,177 [Worker-1] INFO  c.g.t.t.d.PublishedGradleVersions - Gradle version information cache is up-to-date. Trying to read.
2019-01-29 00:13:03,076 [Worker-16] INFO  o.e.m.c.i.embedder.EclipseLogger - Using 'UTF-8' encoding to copy filtered resources.
2019-01-29 00:13:03,080 [Worker-16] INFO  o.e.m.c.i.embedder.EclipseLogger - skip non existing resourceDirectory C:\Users\oscar\Documents\rr\workspace3\src\main\resources
2019-01-29 00:13:03,080 [Worker-16] INFO  o.e.m.c.i.embedder.EclipseLogger - skip non existing resourceDirectory C:\Users\oscar\Documents\rr\workspace3\src\main\resources
2019-01-29 00:13:03,085 [Worker-16] INFO  o.e.m.c.i.embedder.EclipseLogger - Using 'UTF-8' encoding to copy filtered resources.
2019-01-29 00:13:03,085 [Worker-16] INFO  o.e.m.c.i.embedder.EclipseLogger - skip non existing resourceDirectory C:\Users\oscar\Documents\rr\workspace3\src\test\resources
2019-01-29 00:13:47,418 [Worker-16] ERROR o.e.m.c.i.p.ProjectConfigurationManager - Project workspace3 already exists
2019-01-29 00:13:48,166 [Worker-16] INFO  o.e.m.c.i.l.LifecycleMappingFactory - Using org.eclipse.m2e.jdt.JarLifecycleMapping lifecycle mapping for MavenProject: com.udemy:backendninja:0.0.1-SNAPSHOT @ C:\Users\oscar\Documents\rr\gitt\backendninja\pom.xml.
2019-01-29 00:13:48,738 [Worker-16] INFO  o.e.m.j.i.AbstractJavaProjectConfigurator - Adding source folder /backendninja/src/main/java
2019-01-29 00:13:48,738 [Worker-16] INFO  o.e.m.j.i.AbstractJavaProjectConfigurator - Adding resource folder /backendninja/src/main/resources
2019-01-29 00:13:48,739 [Worker-16] INFO  o.e.m.j.i.AbstractJavaProjectConfigurator - Adding resource folder /backendninja/src/main/resources
2019-01-29 00:13:48,740 [Worker-16] INFO  o.e.m.j.i.AbstractJavaProjectConfigurator - Adding source folder /backendninja/src/test/java
2019-01-29 00:13:48,897 [Worker-16] INFO  o.e.m.c.i.p.ProjectConfigurationManager - Imported and configured 2 project(s) in 1 sec
2019-01-29 00:13:50,990 [Worker-21] INFO  o.e.m.c.i.embedder.EclipseLogger - Using 'UTF-8' encoding to copy filtered resources.
2019-01-29 00:13:50,995 [Worker-21] INFO  o.e.m.c.i.embedder.EclipseLogger - Copying 2 resources
2019-01-29 00:13:51,020 [Worker-21] INFO  o.e.m.c.i.embedder.EclipseLogger - Copying 22 resources
2019-01-29 00:13:51,112 [Worker-21] INFO  o.e.m.c.i.embedder.EclipseLogger - Using 'UTF-8' encoding to copy filtered resources.
2019-01-29 00:13:51,112 [Worker-21] INFO  o.e.m.c.i.embedder.EclipseLogger - skip non existing resourceDirectory C:\Users\oscar\Documents\rr\gitt\backendninja\src\test\resources
